C:\USERS\驰\DOCUMENTS\A喋喋不休的猫A\PROGRAMS\编程相关的资料\操作系统\MFC_OS\MFC_OS\DEBUG\MFC_OS.PCH
C:\USERS\驰\DOCUMENTS\A喋喋不休的猫A\PROGRAMS\编程相关的资料\操作系统\MFC_OS\MFC_OS\DEBUG\STDAFX.OBJ
C:\USERS\驰\DOCUMENTS\A喋喋不休的猫A\PROGRAMS\编程相关的资料\操作系统\MFC_OS\MFC_OS\DEBUG\VC110.PDB
C:\USERS\驰\DOCUMENTS\A喋喋不休的猫A\PROGRAMS\编程相关的资料\操作系统\MFC_OS\MFC_OS\DEBUG\MAINFRM.OBJ
C:\USERS\驰\DOCUMENTS\A喋喋不休的猫A\PROGRAMS\编程相关的资料\操作系统\MFC_OS\MFC_OS\DEBUG\MFC_OS.OBJ
C:\USERS\驰\DOCUMENTS\A喋喋不休的猫A\PROGRAMS\编程相关的资料\操作系统\MFC_OS\MFC_OS\DEBUG\MFC_OSDOC.OBJ
C:\USERS\驰\DOCUMENTS\A喋喋不休的猫A\PROGRAMS\编程相关的资料\操作系统\MFC_OS\MFC_OS\DEBUG\MFC_OSVIEW.OBJ
C:\USERS\驰\DOCUMENTS\A喋喋不休的猫A\PROGRAMS\编程相关的资料\操作系统\MFC_OS\MFC_OS\DEBUG\MYFRAME.OBJ
C:\USERS\驰\DOCUMENTS\A喋喋不休的猫A\PROGRAMS\编程相关的资料\操作系统\MFC_OS\MFC_OS\DEBUG\RUNPRO.OBJ
C:\USERS\驰\DOCUMENTS\A喋喋不休的猫A\PROGRAMS\编程相关的资料\操作系统\MFC_OS\MFC_OS\DEBUG\SPLASHWND.OBJ
C:\USERS\驰\DOCUMENTS\A喋喋不休的猫A\PROGRAMS\编程相关的资料\操作系统\MFC_OS\DEBUG\MFC_OS.ILK
C:\USERS\驰\DOCUMENTS\A喋喋不休的猫A\PROGRAMS\编程相关的资料\操作系统\MFC_OS\DEBUG\MFC_OS.EXE
C:\USERS\驰\DOCUMENTS\A喋喋不休的猫A\PROGRAMS\编程相关的资料\操作系统\MFC_OS\DEBUG\MFC_OS.PDB
C:\USERS\驰\DOCUMENTS\A喋喋不休的猫A\PROGRAMS\编程相关的资料\操作系统\MFC_OS\MFC_OS\DEBUG\MFC_OS.RES
C:\Users\驰\Documents\A喋喋不休的猫A\Programs\编程相关的资料\操作系统\MFC_OS\MFC_OS\Debug\MainFrm.obj
C:\Users\驰\Documents\A喋喋不休的猫A\Programs\编程相关的资料\操作系统\MFC_OS\MFC_OS\Debug\MFC_OS.obj
C:\Users\驰\Documents\A喋喋不休的猫A\Programs\编程相关的资料\操作系统\MFC_OS\MFC_OS\Debug\MFC_OSDoc.obj
C:\Users\驰\Documents\A喋喋不休的猫A\Programs\编程相关的资料\操作系统\MFC_OS\MFC_OS\Debug\MFC_OSView.obj
C:\Users\驰\Documents\A喋喋不休的猫A\Programs\编程相关的资料\操作系统\MFC_OS\MFC_OS\Debug\MyFrame.obj
C:\Users\驰\Documents\A喋喋不休的猫A\Programs\编程相关的资料\操作系统\MFC_OS\MFC_OS\Debug\RunPro.obj
C:\Users\驰\Documents\A喋喋不休的猫A\Programs\编程相关的资料\操作系统\MFC_OS\MFC_OS\Debug\SplashWnd.obj
C:\Users\驰\Documents\A喋喋不休的猫A\Programs\编程相关的资料\操作系统\MFC_OS\MFC_OS\Debug\stdafx.obj
C:\Users\驰\Documents\A喋喋不休的猫A\Programs\编程相关的资料\操作系统\MFC_OS\MFC_OS\Debug\cl.command.1.tlog
C:\Users\驰\Documents\A喋喋不休的猫A\Programs\编程相关的资料\操作系统\MFC_OS\MFC_OS\Debug\CL.read.1.tlog
C:\Users\驰\Documents\A喋喋不休的猫A\Programs\编程相关的资料\操作系统\MFC_OS\MFC_OS\Debug\CL.write.1.tlog
C:\Users\驰\Documents\A喋喋不休的猫A\Programs\编程相关的资料\操作系统\MFC_OS\MFC_OS\Debug\link-cvtres.read.1.tlog
C:\Users\驰\Documents\A喋喋不休的猫A\Programs\编程相关的资料\操作系统\MFC_OS\MFC_OS\Debug\link-cvtres.write.1.tlog
C:\Users\驰\Documents\A喋喋不休的猫A\Programs\编程相关的资料\操作系统\MFC_OS\MFC_OS\Debug\link-mt.read.1.tlog
C:\Users\驰\Documents\A喋喋不休的猫A\Programs\编程相关的资料\操作系统\MFC_OS\MFC_OS\Debug\link-mt.write.1.tlog
C:\Users\驰\Documents\A喋喋不休的猫A\Programs\编程相关的资料\操作系统\MFC_OS\MFC_OS\Debug\link-rc.read.1.tlog
C:\Users\驰\Documents\A喋喋不休的猫A\Programs\编程相关的资料\操作系统\MFC_OS\MFC_OS\Debug\link-rc.write.1.tlog
C:\Users\驰\Documents\A喋喋不休的猫A\Programs\编程相关的资料\操作系统\MFC_OS\MFC_OS\Debug\link.2368-cvtres.read.1.tlog
C:\Users\驰\Documents\A喋喋不休的猫A\Programs\编程相关的资料\操作系统\MFC_OS\MFC_OS\Debug\link.2368-cvtres.write.1.tlog
C:\Users\驰\Documents\A喋喋不休的猫A\Programs\编程相关的资料\操作系统\MFC_OS\MFC_OS\Debug\link.2368-mt.read.1.tlog
C:\Users\驰\Documents\A喋喋不休的猫A\Programs\编程相关的资料\操作系统\MFC_OS\MFC_OS\Debug\link.2368-mt.write.1.tlog
C:\Users\驰\Documents\A喋喋不休的猫A\Programs\编程相关的资料\操作系统\MFC_OS\MFC_OS\Debug\link.2368-rc.read.1.tlog
C:\Users\驰\Documents\A喋喋不休的猫A\Programs\编程相关的资料\操作系统\MFC_OS\MFC_OS\Debug\link.2368-rc.write.1.tlog
C:\Users\驰\Documents\A喋喋不休的猫A\Programs\编程相关的资料\操作系统\MFC_OS\MFC_OS\Debug\link.2368.read.1.tlog
C:\Users\驰\Documents\A喋喋不休的猫A\Programs\编程相关的资料\操作系统\MFC_OS\MFC_OS\Debug\link.2368.write.1.tlog
C:\Users\驰\Documents\A喋喋不休的猫A\Programs\编程相关的资料\操作系统\MFC_OS\MFC_OS\Debug\link.command.1.tlog
C:\Users\驰\Documents\A喋喋不休的猫A\Programs\编程相关的资料\操作系统\MFC_OS\MFC_OS\Debug\link.read.1.tlog
C:\Users\驰\Documents\A喋喋不休的猫A\Programs\编程相关的资料\操作系统\MFC_OS\MFC_OS\Debug\link.write.1.tlog
C:\Users\驰\Documents\A喋喋不休的猫A\Programs\编程相关的资料\操作系统\MFC_OS\MFC_OS\Debug\rc.command.1.tlog
C:\Users\驰\Documents\A喋喋不休的猫A\Programs\编程相关的资料\操作系统\MFC_OS\MFC_OS\Debug\rc.read.1.tlog
C:\Users\驰\Documents\A喋喋不休的猫A\Programs\编程相关的资料\操作系统\MFC_OS\MFC_OS\Debug\rc.write.1.tlog
C:\Users\驰\Documents\A喋喋不休的猫A\Programs\编程相关的资料\操作系统\MFC_OS\MFC_OS\Debug\MFC_OS.res
C:\Users\驰\Documents\A喋喋不休的猫A\Programs\编程相关的资料\操作系统\MFC_OS\MFC_OS\Debug\MFC_OS.pch
C:\Users\驰\Documents\A喋喋不休的猫A\Programs\编程相关的资料\操作系统\MFC_OS\MFC_OS\Debug\vc110.idb
C:\Users\驰\Documents\A喋喋不休的猫A\Programs\编程相关的资料\操作系统\MFC_OS\MFC_OS\Debug\vc110.pdb
C:\Users\驰\Documents\A喋喋不休的猫A\Programs\编程相关的资料\操作系统\MFC_OS\Debug\MFC_OS.pdb
C:\Users\驰\Documents\A喋喋不休的猫A\Programs\编程相关的资料\操作系统\MFC_OS\Debug\MFC_OS.exe
C:\Users\驰\Documents\A喋喋不休的猫A\Programs\编程相关的资料\操作系统\MFC_OS\Debug\MFC_OS.ilk
